# JRE version: OpenJDK Runtime Environment (8.0_242-b01) (build 1.8.0_242-release-1644-b01)
# Java VM: OpenJDK 64-Bit Server VM (25.242-b01 mixed mode windows-amd64 compressed oops)
Heap:
 PSYoungGen      total 350208K, used 197769K [0x00000000d5580000, 0x00000000ec080000, 0x0000000100000000)
  eden space 328704K, 59% used [0x00000000d5580000,0x00000000e142a6b8,0x00000000e9680000)
  from space 21504K, 11% used [0x00000000e9680000,0x00000000e98f8010,0x00000000eab80000)
  to   space 20992K, 0% used [0x00000000eac00000,0x00000000eac00000,0x00000000ec080000)
 ParOldGen       total 179200K, used 140771K [0x0000000080000000, 0x000000008af00000, 0x00000000d5580000)
  object space 179200K, 78% used [0x0000000080000000,0x0000000088978df0,0x000000008af00000)
 Metaspace       used 163277K, capacity 175636K, committed 176040K, reserved 1202176K
  class space    used 21232K, capacity 23295K, committed 23464K, reserved 1048576K
GC Heap History (10 events):
Event: 11688.004 GC heap before
{Heap before GC invocations=80 (full 5):
 PSYoungGen      total 257024K, used 235552K [0x00000000d5580000, 0x00000000e6780000, 0x0000000100000000)
  eden space 233472K, 100% used [0x00000000d5580000,0x00000000e3980000,0x00000000e3980000)
  from space 23552K, 8% used [0x00000000e5080000,0x00000000e5288000,0x00000000e6780000)
  to   space 23552K, 0% used [0x00000000e3980000,0x00000000e3980000,0x00000000e5080000)
 ParOldGen       total 179200K, used 124430K [0x0000000080000000, 0x000000008af00000, 0x00000000d5580000)
  object space 179200K, 69% used [0x0000000080000000,0x00000000879838b8,0x000000008af00000)
 Metaspace       used 163079K, capacity 175464K, committed 175784K, reserved 1202176K
  class space    used 21227K, capacity 23289K, committed 23464K, reserved 1048576K
Event: 11688.023 GC heap after
Heap after GC invocations=80 (full 5):
 PSYoungGen      total 257024K, used 3368K [0x00000000d5580000, 0x00000000e9180000, 0x0000000100000000)
  eden space 233472K, 0% used [0x00000000d5580000,0x00000000d5580000,0x00000000e3980000)
  from space 23552K, 14% used [0x00000000e3980000,0x00000000e3cca268,0x00000000e5080000)
  to   space 23040K, 0% used [0x00000000e7b00000,0x00000000e7b00000,0x00000000e9180000)
 ParOldGen       total 179200K, used 126246K [0x0000000080000000, 0x000000008af00000, 0x00000000d5580000)
  object space 179200K, 70% used [0x0000000080000000,0x0000000087b498b8,0x000000008af00000)
 Metaspace       used 163079K, capacity 175464K, committed 175784K, reserved 1202176K
  class space    used 21227K, capacity 23289K, committed 23464K, reserved 1048576K
}
Event: 11688.645 GC heap before
{Heap before GC invocations=81 (full 5):
 PSYoungGen      total 257024K, used 236840K [0x00000000d5580000, 0x00000000e9180000, 0x0000000100000000)
  eden space 233472K, 100% used [0x00000000d5580000,0x00000000e3980000,0x00000000e3980000)
  from space 23552K, 14% used [0x00000000e3980000,0x00000000e3cca268,0x00000000e5080000)
  to   space 23040K, 0% used [0x00000000e7b00000,0x00000000e7b00000,0x00000000e9180000)
 ParOldGen       total 179200K, used 126246K [0x0000000080000000, 0x000000008af00000, 0x00000000d5580000)
  object space 179200K, 70% used [0x0000000080000000,0x0000000087b498b8,0x000000008af00000)
 Metaspace       used 163119K, capacity 175476K, committed 175784K, reserved 1202176K
  class space    used 21229K, capacity 23291K, committed 23464K, reserved 1048576K
Event: 11688.661 GC heap after
Heap after GC invocations=81 (full 5):
 PSYoungGen      total 299520K, used 2661K [0x00000000d5580000, 0x00000000e9080000, 0x0000000100000000)
  eden space 277504K, 0% used [0x00000000d5580000,0x00000000d5580000,0x00000000e6480000)
  from space 22016K, 12% used [0x00000000e7b00000,0x00000000e7d99668,0x00000000e9080000)
  to   space 22528K, 0% used [0x00000000e6480000,0x00000000e6480000,0x00000000e7a80000)
 ParOldGen       total 179200K, used 127579K [0x0000000080000000, 0x000000008af00000, 0x00000000d5580000)
  object space 179200K, 71% used [0x0000000080000000,0x0000000087c96f80,0x000000008af00000)
 Metaspace       used 163119K, capacity 175476K, committed 175784K, reserved 1202176K
  class space    used 21229K, capacity 23291K, committed 23464K, reserved 1048576K
}
Event: 11689.443 GC heap before
{Heap before GC invocations=82 (full 5):
 PSYoungGen      total 299520K, used 280165K [0x00000000d5580000, 0x00000000e9080000, 0x0000000100000000)
  eden space 277504K, 100% used [0x00000000d5580000,0x00000000e6480000,0x00000000e6480000)
  from space 22016K, 12% used [0x00000000e7b00000,0x00000000e7d99668,0x00000000e9080000)
  to   space 22528K, 0% used [0x00000000e6480000,0x00000000e6480000,0x00000000e7a80000)
 ParOldGen       total 179200K, used 127579K [0x0000000080000000, 0x000000008af00000, 0x00000000d5580000)
  object space 179200K, 71% used [0x0000000080000000,0x0000000087c96f80,0x000000008af00000)
 Metaspace       used 163136K, capacity 175544K, committed 175784K, reserved 1202176K
  class space    used 21229K, capacity 23291K, committed 23464K, reserved 1048576K
Event: 11689.456 GC heap after
Heap after GC invocations=82 (full 5):
 PSYoungGen      total 300032K, used 5039K [0x00000000d5580000, 0x00000000ec100000, 0x0000000100000000)
  eden space 277504K, 0% used [0x00000000d5580000,0x00000000d5580000,0x00000000e6480000)
  from space 22528K, 22% used [0x00000000e6480000,0x00000000e696bfb0,0x00000000e7a80000)
  to   space 21504K, 0% used [0x00000000eac00000,0x00000000eac00000,0x00000000ec100000)
 ParOldGen       total 179200K, used 129387K [0x0000000080000000, 0x000000008af00000, 0x00000000d5580000)
  object space 179200K, 72% used [0x0000000080000000,0x0000000087e5ae08,0x000000008af00000)
 Metaspace       used 163136K, capacity 175544K, committed 175784K, reserved 1202176K
  class space    used 21229K, capacity 23291K, committed 23464K, reserved 1048576K
}
Event: 11690.426 GC heap before
{Heap before GC invocations=83 (full 5):
 PSYoungGen      total 300032K, used 282543K [0x00000000d5580000, 0x00000000ec100000, 0x0000000100000000)
  eden space 277504K, 100% used [0x00000000d5580000,0x00000000e6480000,0x00000000e6480000)
  from space 22528K, 22% used [0x00000000e6480000,0x00000000e696bfb0,0x00000000e7a80000)
  to   space 21504K, 0% used [0x00000000eac00000,0x00000000eac00000,0x00000000ec100000)
 ParOldGen       total 179200K, used 129387K [0x0000000080000000, 0x000000008af00000, 0x00000000d5580000)
  object space 179200K, 72% used [0x0000000080000000,0x0000000087e5ae08,0x000000008af00000)
 Metaspace       used 163228K, capacity 175622K, committed 176040K, reserved 1202176K
  class space    used 21230K, capacity 23292K, committed 23464K, reserved 1048576K
Event: 11690.446 GC heap after
Heap after GC invocations=83 (full 5):
 PSYoungGen      total 349696K, used 11005K [0x00000000d5580000, 0x00000000ec080000, 0x0000000100000000)
  eden space 328704K, 0% used [0x00000000d5580000,0x00000000d5580000,0x00000000e9680000)
  from space 20992K, 52% used [0x00000000eac00000,0x00000000eb6bf6f0,0x00000000ec080000)
  to   space 21504K, 0% used [0x00000000e9680000,0x00000000e9680000,0x00000000eab80000)
 ParOldGen       total 179200K, used 132676K [0x0000000080000000, 0x000000008af00000, 0x00000000d5580000)
  object space 179200K, 74% used [0x0000000080000000,0x00000000881913f8,0x000000008af00000)
 Metaspace       used 163228K, capacity 175622K, committed 176040K, reserved 1202176K
  class space    used 21230K, capacity 23292K, committed 23464K, reserved 1048576K
}
Event: 11691.867 GC heap before
{Heap before GC invocations=84 (full 5):
 PSYoungGen      total 349696K, used 339709K [0x00000000d5580000, 0x00000000ec080000, 0x0000000100000000)
  eden space 328704K, 100% used [0x00000000d5580000,0x00000000e9680000,0x00000000e9680000)
  from space 20992K, 52% used [0x00000000eac00000,0x00000000eb6bf6f0,0x00000000ec080000)
  to   space 21504K, 0% used [0x00000000e9680000,0x00000000e9680000,0x00000000eab80000)
 ParOldGen       total 179200K, used 132676K [0x0000000080000000, 0x000000008af00000, 0x00000000d5580000)
  object space 179200K, 74% used [0x0000000080000000,0x00000000881913f8,0x000000008af00000)
 Metaspace       used 163274K, capacity 175628K, committed 176040K, reserved 1202176K
  class space    used 21230K, capacity 23293K, committed 23464K, reserved 1048576K
Event: 11692.033 GC heap after
Heap after GC invocations=84 (full 5):
 PSYoungGen      total 350208K, used 2528K [0x00000000d5580000, 0x00000000ec080000, 0x0000000100000000)
  eden space 328704K, 0% used [0x00000000d5580000,0x00000000d5580000,0x00000000e9680000)
  from space 21504K, 11% used [0x00000000e9680000,0x00000000e98f8010,0x00000000eab80000)
  to   space 20992K, 0% used [0x00000000eac00000,0x00000000eac00000,0x00000000ec080000)
 ParOldGen       total 179200K, used 140771K [0x0000000080000000, 0x000000008af00000, 0x00000000d5580000)
  object space 179200K, 78% used [0x0000000080000000,0x0000000088978df0,0x000000008af00000)
 Metaspace       used 163274K, capacity 175628K, committed 176040K, reserved 1202176K
  class space    used 21230K, capacity 23293K, committed 23464K, reserved 1048576K
}

